Analysis & Synthesis report for PIPELINE
Wed Jul 26 21:53:17 2023
Quartus Prime Version 18.0.0 Build 614 04/24/2018 SJ Lite Edition


---------------------
; Table of Contents ;
---------------------
  1. Legal Notice
  2. Analysis & Synthesis Summary
  3. Analysis & Synthesis Settings
  4. Parallel Compilation
  5. Analysis & Synthesis Source Files Read
  6. Analysis & Synthesis Resource Usage Summary
  7. Analysis & Synthesis Resource Utilization by Entity
  8. General Register Statistics
  9. Parameter Settings for User Entity Instance: PIPE_ID_EX:INST_IDEX
 10. Parameter Settings for User Entity Instance: PIPE_EXECUTE:INST_EXECUTE|ULA:EXECUTE_ULA
 11. Parameter Settings for User Entity Instance: PIPE_EX_MEM:INST_EXMEM
 12. Port Connectivity Checks: "PIPE_WB:INST_WB"
 13. Post-Synthesis Netlist Statistics for Top Partition
 14. Elapsed Time Per Partition
 15. Analysis & Synthesis Messages



----------------
; Legal Notice ;
----------------
Copyright (C) 2018  Intel Corporation. All rights reserved.
Your use of Intel Corporation's design tools, logic functions 
and other software and tools, and its AMPP partner logic 
functions, and any output files from any of the foregoing 
(including device programming or simulation files), and any 
associated documentation or information are expressly subject 
to the terms and conditions of the Intel Program License 
Subscription Agreement, the Intel Quartus Prime License Agreement,
the Intel FPGA IP License Agreement, or other applicable license
agreement, including, without limitation, that your use is for
the sole purpose of programming logic devices manufactured by
Intel and sold by Intel or its authorized distributors.  Please
refer to the applicable agreement for further details.



+-------------------------------------------------------------------------------+
; Analysis & Synthesis Summary                                                  ;
+---------------------------------+---------------------------------------------+
; Analysis & Synthesis Status     ; Successful - Wed Jul 26 21:53:17 2023       ;
; Quartus Prime Version           ; 18.0.0 Build 614 04/24/2018 SJ Lite Edition ;
; Revision Name                   ; PIPELINE                                    ;
; Top-level Entity Name           ; PIPELINE                                    ;
; Family                          ; Cyclone V                                   ;
; Logic utilization (in ALMs)     ; N/A                                         ;
; Total registers                 ; 0                                           ;
; Total pins                      ; 2                                           ;
; Total virtual pins              ; 0                                           ;
; Total block memory bits         ; 0                                           ;
; Total DSP Blocks                ; 0                                           ;
; Total HSSI RX PCSs              ; 0                                           ;
; Total HSSI PMA RX Deserializers ; 0                                           ;
; Total HSSI TX PCSs              ; 0                                           ;
; Total HSSI PMA TX Serializers   ; 0                                           ;
; Total PLLs                      ; 0                                           ;
; Total DLLs                      ; 0                                           ;
+---------------------------------+---------------------------------------------+


+---------------------------------------------------------------------------------------------------------------------------+
; Analysis & Synthesis Settings                                                                                             ;
+---------------------------------------------------------------------------------+--------------------+--------------------+
; Option                                                                          ; Setting            ; Default Value      ;
+---------------------------------------------------------------------------------+--------------------+--------------------+
; Device                                                                          ; 5CGXFC7C7F23C8     ;                    ;
; Top-level entity name                                                           ; PIPELINE           ; PIPELINE           ;
; Family name                                                                     ; Cyclone V          ; Cyclone V          ;
; Use smart compilation                                                           ; Off                ; Off                ;
; Enable parallel Assembler and Timing Analyzer during compilation                ; On                 ; On                 ;
; Enable compact report table                                                     ; Off                ; Off                ;
; Restructure Multiplexers                                                        ; Auto               ; Auto               ;
; MLAB Add Timing Constraints For Mixed-Port Feed-Through Mode Setting Don't Care ; Off                ; Off                ;
; Create Debugging Nodes for IP Cores                                             ; Off                ; Off                ;
; Preserve fewer node names                                                       ; On                 ; On                 ;
; Intel FPGA IP Evaluation Mode                                                   ; Enable             ; Enable             ;
; Verilog Version                                                                 ; Verilog_2001       ; Verilog_2001       ;
; VHDL Version                                                                    ; VHDL_1993          ; VHDL_1993          ;
; State Machine Processing                                                        ; Auto               ; Auto               ;
; Safe State Machine                                                              ; Off                ; Off                ;
; Extract Verilog State Machines                                                  ; On                 ; On                 ;
; Extract VHDL State Machines                                                     ; On                 ; On                 ;
; Ignore Verilog initial constructs                                               ; Off                ; Off                ;
; Iteration limit for constant Verilog loops                                      ; 5000               ; 5000               ;
; Iteration limit for non-constant Verilog loops                                  ; 250                ; 250                ;
; Add Pass-Through Logic to Inferred RAMs                                         ; On                 ; On                 ;
; Infer RAMs from Raw Logic                                                       ; On                 ; On                 ;
; Parallel Synthesis                                                              ; On                 ; On                 ;
; DSP Block Balancing                                                             ; Auto               ; Auto               ;
; NOT Gate Push-Back                                                              ; On                 ; On                 ;
; Power-Up Don't Care                                                             ; On                 ; On                 ;
; Remove Redundant Logic Cells                                                    ; Off                ; Off                ;
; Remove Duplicate Registers                                                      ; On                 ; On                 ;
; Ignore CARRY Buffers                                                            ; Off                ; Off                ;
; Ignore CASCADE Buffers                                                          ; Off                ; Off                ;
; Ignore GLOBAL Buffers                                                           ; Off                ; Off                ;
; Ignore ROW GLOBAL Buffers                                                       ; Off                ; Off                ;
; Ignore LCELL Buffers                                                            ; Off                ; Off                ;
; Ignore SOFT Buffers                                                             ; On                 ; On                 ;
; Limit AHDL Integers to 32 Bits                                                  ; Off                ; Off                ;
; Optimization Technique                                                          ; Balanced           ; Balanced           ;
; Carry Chain Length                                                              ; 70                 ; 70                 ;
; Auto Carry Chains                                                               ; On                 ; On                 ;
; Auto Open-Drain Pins                                                            ; On                 ; On                 ;
; Perform WYSIWYG Primitive Resynthesis                                           ; Off                ; Off                ;
; Auto ROM Replacement                                                            ; On                 ; On                 ;
; Auto RAM Replacement                                                            ; On                 ; On                 ;
; Auto DSP Block Replacement                                                      ; On                 ; On                 ;
; Auto Shift Register Replacement                                                 ; Auto               ; Auto               ;
; Allow Shift Register Merging across Hierarchies                                 ; Auto               ; Auto               ;
; Auto Clock Enable Replacement                                                   ; On                 ; On                 ;
; Strict RAM Replacement                                                          ; Off                ; Off                ;
; Allow Synchronous Control Signals                                               ; On                 ; On                 ;
; Force Use of Synchronous Clear Signals                                          ; Off                ; Off                ;
; Auto Resource Sharing                                                           ; Off                ; Off                ;
; Allow Any RAM Size For Recognition                                              ; Off                ; Off                ;
; Allow Any ROM Size For Recognition                                              ; Off                ; Off                ;
; Allow Any Shift Register Size For Recognition                                   ; Off                ; Off                ;
; Use LogicLock Constraints during Resource Balancing                             ; On                 ; On                 ;
; Ignore translate_off and synthesis_off directives                               ; Off                ; Off                ;
; Timing-Driven Synthesis                                                         ; On                 ; On                 ;
; Report Parameter Settings                                                       ; On                 ; On                 ;
; Report Source Assignments                                                       ; On                 ; On                 ;
; Report Connectivity Checks                                                      ; On                 ; On                 ;
; Ignore Maximum Fan-Out Assignments                                              ; Off                ; Off                ;
; Synchronization Register Chain Length                                           ; 3                  ; 3                  ;
; Power Optimization During Synthesis                                             ; Normal compilation ; Normal compilation ;
; HDL message level                                                               ; Level2             ; Level2             ;
; Suppress Register Optimization Related Messages                                 ; Off                ; Off                ;
; Number of Removed Registers Reported in Synthesis Report                        ; 5000               ; 5000               ;
; Number of Swept Nodes Reported in Synthesis Report                              ; 5000               ; 5000               ;
; Number of Inverted Registers Reported in Synthesis Report                       ; 100                ; 100                ;
; Clock MUX Protection                                                            ; On                 ; On                 ;
; Auto Gated Clock Conversion                                                     ; Off                ; Off                ;
; Block Design Naming                                                             ; Auto               ; Auto               ;
; SDC constraint protection                                                       ; Off                ; Off                ;
; Synthesis Effort                                                                ; Auto               ; Auto               ;
; Shift Register Replacement - Allow Asynchronous Clear Signal                    ; On                 ; On                 ;
; Pre-Mapping Resynthesis Optimization                                            ; Off                ; Off                ;
; Analysis & Synthesis Message Level                                              ; Medium             ; Medium             ;
; Disable Register Merging Across Hierarchies                                     ; Auto               ; Auto               ;
; Resource Aware Inference For Block RAM                                          ; On                 ; On                 ;
; Automatic Parallel Synthesis                                                    ; On                 ; On                 ;
; Partial Reconfiguration Bitstream ID                                            ; Off                ; Off                ;
+---------------------------------------------------------------------------------+--------------------+--------------------+


+------------------------------------------+
; Parallel Compilation                     ;
+----------------------------+-------------+
; Processors                 ; Number      ;
+----------------------------+-------------+
; Number detected on machine ; 12          ;
; Maximum allowed            ; 12          ;
;                            ;             ;
; Average used               ; 1.00        ;
; Maximum used               ; 1           ;
;                            ;             ;
; Usage by Processor         ; % Time Used ;
;     Processor 1            ; 100.0%      ;
+----------------------------+-------------+


+-------------------------------------------------------------------------------------------------------------------------+
; Analysis & Synthesis Source Files Read                                                                                  ;
+----------------------------------+-----------------+-----------------+----------------------------------------+---------+
; File Name with User-Entered Path ; Used in Netlist ; File Type       ; File Name with Absolute Path           ; Library ;
+----------------------------------+-----------------+-----------------+----------------------------------------+---------+
; PIPE_FETCH.vhd                   ; yes             ; User VHDL File  ; D:/projects/Pipeline1/PIPE_FETCH.vhd   ;         ;
; PIPELINE.vhd                     ; yes             ; User VHDL File  ; D:/projects/Pipeline1/PIPELINE.vhd     ;         ;
; MI.vhd                           ; yes             ; User VHDL File  ; D:/projects/Pipeline1/MI.vhd           ;         ;
; PC.vhd                           ; yes             ; User VHDL File  ; D:/projects/Pipeline1/PC.vhd           ;         ;
; Mux21.vhd                        ; yes             ; User VHDL File  ; D:/projects/Pipeline1/Mux21.vhd        ;         ;
; PIPE_IF_ID.vhd                   ; yes             ; User VHDL File  ; D:/projects/Pipeline1/PIPE_IF_ID.vhd   ;         ;
; PIPE_DECODE.vhd                  ; yes             ; User VHDL File  ; D:/projects/Pipeline1/PIPE_DECODE.vhd  ;         ;
; Controle.vhd                     ; yes             ; User VHDL File  ; D:/projects/Pipeline1/Controle.vhd     ;         ;
; X_REG.vhd                        ; yes             ; User VHDL File  ; D:/projects/Pipeline1/X_REG.vhd        ;         ;
; genImm32.vhd                     ; yes             ; User VHDL File  ; D:/projects/Pipeline1/genImm32.vhd     ;         ;
; PIPE_ID_EX.vhd                   ; yes             ; User VHDL File  ; D:/projects/Pipeline1/PIPE_ID_EX.vhd   ;         ;
; PIPE_EXECUTE.vhd                 ; yes             ; User VHDL File  ; D:/projects/Pipeline1/PIPE_EXECUTE.vhd ;         ;
; ULA.vhd                          ; yes             ; User VHDL File  ; D:/projects/Pipeline1/ULA.vhd          ;         ;
; PIPE_EX_MEM.vhd                  ; yes             ; User VHDL File  ; D:/projects/Pipeline1/PIPE_EX_MEM.vhd  ;         ;
; PIPE_MEM.vhd                     ; yes             ; User VHDL File  ; D:/projects/Pipeline1/PIPE_MEM.vhd     ;         ;
; MD.vhd                           ; yes             ; User VHDL File  ; D:/projects/Pipeline1/MD.vhd           ;         ;
; PIPE_WB.vhd                      ; yes             ; User VHDL File  ; D:/projects/Pipeline1/PIPE_WB.vhd      ;         ;
+----------------------------------+-----------------+-----------------+----------------------------------------+---------+


+-----------------------------------------------------+
; Analysis & Synthesis Resource Usage Summary         ;
+---------------------------------------------+-------+
; Resource                                    ; Usage ;
+---------------------------------------------+-------+
; Estimate of Logic utilization (ALMs needed) ; 0     ;
;                                             ;       ;
; Combinational ALUT usage for logic          ; 0     ;
;     -- 7 input functions                    ; 0     ;
;     -- 6 input functions                    ; 0     ;
;     -- 5 input functions                    ; 0     ;
;     -- 4 input functions                    ; 0     ;
;     -- <=3 input functions                  ; 0     ;
;                                             ;       ;
; Dedicated logic registers                   ; 0     ;
;                                             ;       ;
; I/O pins                                    ; 2     ;
;                                             ;       ;
; Total DSP Blocks                            ; 0     ;
;                                             ;       ;
; Maximum fan-out node                        ; clk   ;
; Maximum fan-out                             ; 1     ;
; Total fan-out                               ; 2     ;
; Average fan-out                             ; 0.50  ;
+---------------------------------------------+-------+


+----------------------------------------------------------------------------------------------------------------------------------------------------------------------------------------+
; Analysis & Synthesis Resource Utilization by Entity                                                                                                                                    ;
+----------------------------+---------------------+---------------------------+-------------------+------------+------+--------------+---------------------+-------------+--------------+
; Compilation Hierarchy Node ; Combinational ALUTs ; Dedicated Logic Registers ; Block Memory Bits ; DSP Blocks ; Pins ; Virtual Pins ; Full Hierarchy Name ; Entity Name ; Library Name ;
+----------------------------+---------------------+---------------------------+-------------------+------------+------+--------------+---------------------+-------------+--------------+
; |PIPELINE                  ; 0 (0)               ; 0 (0)                     ; 0                 ; 0          ; 2    ; 0            ; |PIPELINE           ; PIPELINE    ; work         ;
+----------------------------+---------------------+---------------------------+-------------------+------------+------+--------------+---------------------+-------------+--------------+
Note: For table entries with two numbers listed, the numbers in parentheses indicate the number of resources of the given type used by the specific entity alone. The numbers listed outside of parentheses indicate the total resources of the given type used by the specific entity and all of its sub-entities in the hierarchy.


+------------------------------------------------------+
; General Register Statistics                          ;
+----------------------------------------------+-------+
; Statistic                                    ; Value ;
+----------------------------------------------+-------+
; Total registers                              ; 0     ;
; Number of registers using Synchronous Clear  ; 0     ;
; Number of registers using Synchronous Load   ; 0     ;
; Number of registers using Asynchronous Clear ; 0     ;
; Number of registers using Asynchronous Load  ; 0     ;
; Number of registers using Clock Enable       ; 0     ;
; Number of registers using Preset             ; 0     ;
+----------------------------------------------+-------+


+-------------------------------------------------------------------+
; Parameter Settings for User Entity Instance: PIPE_ID_EX:INST_IDEX ;
+----------------+-------+------------------------------------------+
; Parameter Name ; Value ; Type                                     ;
+----------------+-------+------------------------------------------+
; WSIZE          ; 32    ; Signed Integer                           ;
+----------------+-------+------------------------------------------+
Note: In order to hide this table in the UI and the text report file, please set the "Show Parameter Settings in Synthesis Report" option in "Analysis and Synthesis Settings -> More Settings" to "Off".


+----------------------------------------------------------------------------------------+
; Parameter Settings for User Entity Instance: PIPE_EXECUTE:INST_EXECUTE|ULA:EXECUTE_ULA ;
+----------------+-------+---------------------------------------------------------------+
; Parameter Name ; Value ; Type                                                          ;
+----------------+-------+---------------------------------------------------------------+
; wsize          ; 32    ; Signed Integer                                                ;
+----------------+-------+---------------------------------------------------------------+
Note: In order to hide this table in the UI and the text report file, please set the "Show Parameter Settings in Synthesis Report" option in "Analysis and Synthesis Settings -> More Settings" to "Off".


+---------------------------------------------------------------------+
; Parameter Settings for User Entity Instance: PIPE_EX_MEM:INST_EXMEM ;
+----------------+-------+--------------------------------------------+
; Parameter Name ; Value ; Type                                       ;
+----------------+-------+--------------------------------------------+
; WSIZE          ; 32    ; Signed Integer                             ;
+----------------+-------+--------------------------------------------+
Note: In order to hide this table in the UI and the text report file, please set the "Show Parameter Settings in Synthesis Report" option in "Analysis and Synthesis Settings -> More Settings" to "Off".


+----------------------------------------------------------------------------------------------------------------+
; Port Connectivity Checks: "PIPE_WB:INST_WB"                                                                    ;
+------+--------+----------+-------------------------------------------------------------------------------------+
; Port ; Type   ; Severity ; Details                                                                             ;
+------+--------+----------+-------------------------------------------------------------------------------------+
; m2r  ; Output ; Info     ; Connected to dangling logic. Logic that only feeds a dangling port will be removed. ;
+------+--------+----------+-------------------------------------------------------------------------------------+


+-----------------------------------------------------+
; Post-Synthesis Netlist Statistics for Top Partition ;
+-------------------+---------------------------------+
; Type              ; Count                           ;
+-------------------+---------------------------------+
; boundary_port     ; 2                               ;
;                   ;                                 ;
; Max LUT depth     ; 0.00                            ;
; Average LUT depth ; 0.00                            ;
+-------------------+---------------------------------+


+-------------------------------+
; Elapsed Time Per Partition    ;
+----------------+--------------+
; Partition Name ; Elapsed Time ;
+----------------+--------------+
; Top            ; 00:00:00     ;
+----------------+--------------+


+-------------------------------+
; Analysis & Synthesis Messages ;
+-------------------------------+
Info: *******************************************************************
Info: Running Quartus Prime Analysis & Synthesis
    Info: Version 18.0.0 Build 614 04/24/2018 SJ Lite Edition
    Info: Processing started: Wed Jul 26 21:53:09 2023
Info: Command: quartus_map --read_settings_files=on --write_settings_files=off PIPELINE -c PIPELINE
Warning (18236): Number of processors has not been specified which may cause overloading on shared machines.  Set the global assignment NUM_PARALLEL_PROCESSORS in your QSF to an appropriate value for best performance.
Info (20030): Parallel compilation is enabled and will use 12 of the 12 processors detected
Info (12021): Found 2 design units, including 1 entities, in source file pipe_fetch.vhd
    Info (12022): Found design unit 1: PIPE_FETCH-behavioral File: D:/projects/Pipeline1/PIPE_FETCH.vhd Line: 17
    Info (12023): Found entity 1: PIPE_FETCH File: D:/projects/Pipeline1/PIPE_FETCH.vhd Line: 8
Info (12021): Found 2 design units, including 1 entities, in source file pipeline.vhd
    Info (12022): Found design unit 1: PIPELINE-behavioral File: D:/projects/Pipeline1/PIPELINE.vhd Line: 15
    Info (12023): Found entity 1: PIPELINE File: D:/projects/Pipeline1/PIPELINE.vhd Line: 5
Info (12021): Found 2 design units, including 1 entities, in source file mi.vhd
    Info (12022): Found design unit 1: MI-RTL File: D:/projects/Pipeline1/MI.vhd Line: 15
    Info (12023): Found entity 1: MI File: D:/projects/Pipeline1/MI.vhd Line: 7
Info (12021): Found 2 design units, including 1 entities, in source file pc.vhd
    Info (12022): Found design unit 1: PC-Behavioral File: D:/projects/Pipeline1/PC.vhd Line: 13
    Info (12023): Found entity 1: PC File: D:/projects/Pipeline1/PC.vhd Line: 5
Info (12021): Found 2 design units, including 1 entities, in source file mux21.vhd
    Info (12022): Found design unit 1: Mux21-Behavioral File: D:/projects/Pipeline1/Mux21.vhd Line: 14
    Info (12023): Found entity 1: Mux21 File: D:/projects/Pipeline1/Mux21.vhd Line: 5
Info (12021): Found 2 design units, including 1 entities, in source file pipe_if_id.vhd
    Info (12022): Found design unit 1: PIPE_IF_ID-arch File: D:/projects/Pipeline1/PIPE_IF_ID.vhd Line: 16
    Info (12023): Found entity 1: PIPE_IF_ID File: D:/projects/Pipeline1/PIPE_IF_ID.vhd Line: 5
Info (12021): Found 2 design units, including 1 entities, in source file pipeline_tb.vhd
    Info (12022): Found design unit 1: PIPELINE_TB-behavior File: D:/projects/Pipeline1/PIPELINE_TB.vhd Line: 7
    Info (12023): Found entity 1: PIPELINE_TB File: D:/projects/Pipeline1/PIPELINE_TB.vhd Line: 4
Info (12021): Found 2 design units, including 1 entities, in source file pipe_decode.vhd
    Info (12022): Found design unit 1: PIPE_DECODE-behavioral File: D:/projects/Pipeline1/PIPE_DECODE.vhd Line: 25
    Info (12023): Found entity 1: PIPE_DECODE File: D:/projects/Pipeline1/PIPE_DECODE.vhd Line: 8
Info (12021): Found 2 design units, including 1 entities, in source file controle.vhd
    Info (12022): Found design unit 1: Controle-behavioral File: D:/projects/Pipeline1/Controle.vhd Line: 13
    Info (12023): Found entity 1: Controle File: D:/projects/Pipeline1/Controle.vhd Line: 5
Info (12021): Found 2 design units, including 1 entities, in source file x_reg.vhd
    Info (12022): Found design unit 1: X_REG-main File: D:/projects/Pipeline1/X_REG.vhd Line: 14
    Info (12023): Found entity 1: X_REG File: D:/projects/Pipeline1/X_REG.vhd Line: 5
Info (12021): Found 2 design units, including 1 entities, in source file genimm32.vhd
    Info (12022): Found design unit 1: genImm32-a File: D:/projects/Pipeline1/genImm32.vhd Line: 11
    Info (12023): Found entity 1: genImm32 File: D:/projects/Pipeline1/genImm32.vhd Line: 5
Info (12021): Found 2 design units, including 1 entities, in source file pipe_id_ex.vhd
    Info (12022): Found design unit 1: PIPE_ID_EX-main File: D:/projects/Pipeline1/PIPE_ID_EX.vhd Line: 36
    Info (12023): Found entity 1: PIPE_ID_EX File: D:/projects/Pipeline1/PIPE_ID_EX.vhd Line: 9
Info (12021): Found 2 design units, including 1 entities, in source file pipe_execute.vhd
    Info (12022): Found design unit 1: PIPE_EXECUTE-behavioral File: D:/projects/Pipeline1/PIPE_EXECUTE.vhd Line: 23
    Info (12023): Found entity 1: PIPE_EXECUTE File: D:/projects/Pipeline1/PIPE_EXECUTE.vhd Line: 8
Info (12021): Found 2 design units, including 1 entities, in source file ula.vhd
    Info (12022): Found design unit 1: ULA-ULA_arch File: D:/projects/Pipeline1/ULA.vhd Line: 14
    Info (12023): Found entity 1: ULA File: D:/projects/Pipeline1/ULA.vhd Line: 5
Info (12021): Found 2 design units, including 1 entities, in source file pipe_ex_mem.vhd
    Info (12022): Found design unit 1: PIPE_EX_MEM-main File: D:/projects/Pipeline1/PIPE_EX_MEM.vhd Line: 30
    Info (12023): Found entity 1: PIPE_EX_MEM File: D:/projects/Pipeline1/PIPE_EX_MEM.vhd Line: 9
Info (12021): Found 2 design units, including 1 entities, in source file pipe_mem.vhd
    Info (12022): Found design unit 1: PIPE_MEM-behavioral File: D:/projects/Pipeline1/PIPE_MEM.vhd Line: 20
    Info (12023): Found entity 1: PIPE_MEM File: D:/projects/Pipeline1/PIPE_MEM.vhd Line: 8
Info (12021): Found 2 design units, including 1 entities, in source file md.vhd
    Info (12022): Found design unit 1: MD-RTL File: D:/projects/Pipeline1/MD.vhd Line: 19
    Info (12023): Found entity 1: MD File: D:/projects/Pipeline1/MD.vhd Line: 7
Info (12021): Found 2 design units, including 1 entities, in source file pipe_wb.vhd
    Info (12022): Found design unit 1: PIPE_WB-behavioral File: D:/projects/Pipeline1/PIPE_WB.vhd Line: 24
    Info (12023): Found entity 1: PIPE_WB File: D:/projects/Pipeline1/PIPE_WB.vhd Line: 8
Info (12127): Elaborating entity "PIPELINE" for the top level hierarchy
Warning (10036): Verilog HDL or VHDL warning at PIPELINE.vhd(69): object "m2r_s" assigned a value but never read File: D:/projects/Pipeline1/PIPELINE.vhd Line: 69
Info (12128): Elaborating entity "PIPE_FETCH" for hierarchy "PIPE_FETCH:INST_FETCH" File: D:/projects/Pipeline1/PIPELINE.vhd Line: 180
Warning (10492): VHDL Process Statement warning at PIPE_FETCH.vhd(76): signal "updated_pc" is read inside the Process Statement but isn't in the Process Statement's sensitivity list File: D:/projects/Pipeline1/PIPE_FETCH.vhd Line: 76
Info (12128): Elaborating entity "Mux21" for hierarchy "PIPE_FETCH:INST_FETCH|Mux21:MUX_FETCH" File: D:/projects/Pipeline1/PIPE_FETCH.vhd Line: 51
Info (12128): Elaborating entity "PC" for hierarchy "PIPE_FETCH:INST_FETCH|PC:PC_FETCH" File: D:/projects/Pipeline1/PIPE_FETCH.vhd Line: 59
Info (12128): Elaborating entity "MI" for hierarchy "PIPE_FETCH:INST_FETCH|MI:MI_FETCH" File: D:/projects/Pipeline1/PIPE_FETCH.vhd Line: 67
Warning (10873): Using initial value X (don't care) for net "mem.raddr_b" at MI.vhd(43) File: D:/projects/Pipeline1/MI.vhd Line: 43
Info (12128): Elaborating entity "PIPE_IF_ID" for hierarchy "PIPE_IF_ID:INST_IFID" File: D:/projects/Pipeline1/PIPELINE.vhd Line: 191
Info (12128): Elaborating entity "PIPE_DECODE" for hierarchy "PIPE_DECODE:INST_DECODE" File: D:/projects/Pipeline1/PIPELINE.vhd Line: 202
Info (12128): Elaborating entity "genImm32" for hierarchy "PIPE_DECODE:INST_DECODE|genImm32:DECODE_IMM32" File: D:/projects/Pipeline1/PIPE_DECODE.vhd Line: 55
Info (12128): Elaborating entity "Controle" for hierarchy "PIPE_DECODE:INST_DECODE|Controle:DECODE_CONTROLE" File: D:/projects/Pipeline1/PIPE_DECODE.vhd Line: 60
Warning (10036): Verilog HDL or VHDL warning at Controle.vhd(15): object "ALUOp" assigned a value but never read File: D:/projects/Pipeline1/Controle.vhd Line: 15
Warning (10631): VHDL Process Statement warning at Controle.vhd(20): inferring latch(es) for signal or variable "Mem2Reg", which holds its previous value in one or more paths through the process File: D:/projects/Pipeline1/Controle.vhd Line: 20
Info (10041): Inferred latch for "Mem2Reg" at Controle.vhd(20) File: D:/projects/Pipeline1/Controle.vhd Line: 20
Info (12128): Elaborating entity "X_REG" for hierarchy "PIPE_DECODE:INST_DECODE|X_REG:DECODE_XREG" File: D:/projects/Pipeline1/PIPE_DECODE.vhd Line: 71
Info (12128): Elaborating entity "PIPE_ID_EX" for hierarchy "PIPE_ID_EX:INST_IDEX" File: D:/projects/Pipeline1/PIPELINE.vhd Line: 229
Warning (10541): VHDL Signal Declaration warning at PIPE_ID_EX.vhd(22): used implicit default value for signal "RD_EXECUTE" because signal was never assigned a value or an explicit default value. Use of implicit default value may introduce unintended design optimizations. File: D:/projects/Pipeline1/PIPE_ID_EX.vhd Line: 22
Warning (10541): VHDL Signal Declaration warning at PIPE_ID_EX.vhd(28): used implicit default value for signal "RegWrite_out" because signal was never assigned a value or an explicit default value. Use of implicit default value may introduce unintended design optimizations. File: D:/projects/Pipeline1/PIPE_ID_EX.vhd Line: 28
Info (12128): Elaborating entity "PIPE_EXECUTE" for hierarchy "PIPE_EXECUTE:INST_EXECUTE" File: D:/projects/Pipeline1/PIPELINE.vhd Line: 260
Info (12128): Elaborating entity "ULA" for hierarchy "PIPE_EXECUTE:INST_EXECUTE|ULA:EXECUTE_ULA" File: D:/projects/Pipeline1/PIPE_EXECUTE.vhd Line: 58
Info (12128): Elaborating entity "PIPE_EX_MEM" for hierarchy "PIPE_EX_MEM:INST_EXMEM" File: D:/projects/Pipeline1/PIPELINE.vhd Line: 277
Info (12128): Elaborating entity "PIPE_MEM" for hierarchy "PIPE_MEM:INST_MEM" File: D:/projects/Pipeline1/PIPELINE.vhd Line: 305
Info (12128): Elaborating entity "MD" for hierarchy "PIPE_MEM:INST_MEM|MD:MEM_MD" File: D:/projects/Pipeline1/PIPE_MEM.vhd Line: 40
Info (12128): Elaborating entity "PIPE_WB" for hierarchy "PIPE_WB:INST_WB" File: D:/projects/Pipeline1/PIPELINE.vhd Line: 324
Warning (10541): VHDL Signal Declaration warning at PIPE_WB.vhd(18): used implicit default value for signal "m2r" because signal was never assigned a value or an explicit default value. Use of implicit default value may introduce unintended design optimizations. File: D:/projects/Pipeline1/PIPE_WB.vhd Line: 18
Info (16010): Generating hard_block partition "hard_block:auto_generated_inst"
    Info (16011): Adding 0 node(s), including 0 DDIO, 0 PLL, 0 transceiver and 0 LCELL
Warning (21074): Design contains 2 input pin(s) that do not drive logic
    Warning (15610): No output dependent on input pin "clk" File: D:/projects/Pipeline1/PIPELINE.vhd Line: 7
    Warning (15610): No output dependent on input pin "reset" File: D:/projects/Pipeline1/PIPELINE.vhd Line: 8
Info (21057): Implemented 2 device resources after synthesis - the final resource count might be different
    Info (21058): Implemented 2 input pins
    Info (21059): Implemented 0 output pins
Info: Quartus Prime Analysis & Synthesis was successful. 0 errors, 12 warnings
    Info: Peak virtual memory: 4854 megabytes
    Info: Processing ended: Wed Jul 26 21:53:17 2023
    Info: Elapsed time: 00:00:08
    Info: Total CPU time (on all processors): 00:00:17


